  Game.cpp
C:\Users\Proko\Desktop\PG\TrabGA\TrabGA\printNumber.h(11,19): warning C4244: 'argumento': conversão de 'int' para 'GLfloat', possível perda de dados
C:\Users\Proko\Desktop\PG\TrabGA\TrabGA\printNumber.h(11,16): warning C4244: 'argumento': conversão de 'int' para 'GLfloat', possível perda de dados
C:\Users\Proko\Desktop\PG\TrabGA\TrabGA\printNumber.h(13,27): warning C4244: 'argumento': conversão de 'int' para 'GLfloat', possível perda de dados
C:\Users\Proko\Desktop\PG\TrabGA\TrabGA\printNumber.h(13,18): warning C4244: 'argumento': conversão de 'int' para 'GLfloat', possível perda de dados
C:\Users\Proko\Desktop\PG\TrabGA\TrabGA\printNumber.h(15,29): warning C4244: 'argumento': conversão de 'int' para 'GLfloat', possível perda de dados
C:\Users\Proko\Desktop\PG\TrabGA\TrabGA\printNumber.h(15,18): warning C4244: 'argumento': conversão de 'int' para 'GLfloat', possível perda de dados
C:\Users\Proko\Desktop\PG\TrabGA\TrabGA\printNumber.h(17,21): warning C4244: 'argumento': conversão de 'int' para 'GLfloat', possível perda de dados
C:\Users\Proko\Desktop\PG\TrabGA\TrabGA\printNumber.h(17,16): warning C4244: 'argumento': conversão de 'int' para 'GLfloat', possível perda de dados
C:\Users\Proko\Desktop\PG\TrabGA\TrabGA\Game.cpp(19,48): warning C4244: 'argumento': conversão de 'int' para 'float', possível perda de dados
C:\Users\Proko\Desktop\PG\TrabGA\TrabGA\Game.cpp(27,48): warning C4244: 'argumento': conversão de 'int' para 'float', possível perda de dados
C:\Users\Proko\Desktop\PG\TrabGA\TrabGA\Game.cpp(34,48): warning C4244: 'argumento': conversão de 'int' para 'float', possível perda de dados
C:\Users\Proko\Desktop\PG\TrabGA\TrabGA\Game.cpp(54,21): warning C4018: '<': incompatibilidade de signed/unsigned
C:\Users\Proko\Desktop\PG\TrabGA\TrabGA\Game.cpp(64,20): warning C4018: '<': incompatibilidade de signed/unsigned
C:\Users\Proko\Desktop\PG\TrabGA\TrabGA\Game.cpp(83,20): warning C4018: '<': incompatibilidade de signed/unsigned
C:\Users\Proko\Desktop\PG\TrabGA\TrabGA\Game.cpp(117,15): warning C4244: 'inicializando': conversão de 'int' para 'float', possível perda de dados
C:\Users\Proko\Desktop\PG\TrabGA\TrabGA\Game.cpp(123,98): warning C4244: 'argumento': conversão de 'int' para 'float', possível perda de dados
C:\Users\Proko\Desktop\PG\TrabGA\TrabGA\Game.cpp(123,87): warning C4244: 'argumento': conversão de 'int' para 'float', possível perda de dados
  GameMain.cpp
C:\Users\Proko\Desktop\PG\TrabGA\TrabGA\GameMain.cpp(143,64): warning C4305: 'argumento': truncamento de 'double' para 'GLclampf'
  Player.cpp
LINK : warning LNK4098: defaultlib 'LIBCMT' conflita com uso de outras bibliotecas; use /NODEFAULTLIB:library
  Gerando código
  25 of 411 functions ( 6.1%) were compiled, the rest were copied from previous compilation.
    5 functions were new in current compilation
    18 functions had inline decision re-evaluated but remain unchanged
  Finalizada a geração de código
glew32s.lib(glew.obj) : warning LNK4099: PDB 'vc120.pdb' não foi encontrado 'glew32s.lib(glew.obj)' ou no 'C:\Users\Proko\Desktop\PG\TrabGA\Release\vc120.pdb'; vinculando objeto quando quando sem nenhuma informação de depuração
  TrabGA.vcxproj -> C:\Users\Proko\Desktop\PG\TrabGA\Release\TrabGA.exe
