C:\Program Files (x86)\Microsoft Visual Studio\2019\Community\MSBuild\Microsoft\VC\v160\Microsoft.CppBuild.targets(467,5): warning MSB8028: O diretório intermediário (Debug\) contém arquivos compartilhados de outro projeto (TrabGA.vcxproj). Isso pode levar a um comportamento incorreto de limpeza e recompilação.
  TileMap.cpp
C:\Users\Proko\Desktop\TrabGA\TrabGA\TileMap.cpp(22,85): warning C4244: 'argumento': conversão de 'int' para 'float', possível perda de dados
C:\Users\Proko\Desktop\TrabGA\TrabGA\TileMap.cpp(22,82): warning C4244: 'argumento': conversão de 'int' para 'float', possível perda de dados
C:\Users\Proko\Desktop\TrabGA\TrabGA\TileMap.cpp(32,79): warning C4244: 'argumento': conversão de 'double' para 'int', possível perda de dados
C:\Users\Proko\Desktop\TrabGA\TrabGA\TileMap.cpp(32,76): warning C4244: 'argumento': conversão de 'double' para 'int', possível perda de dados
C:\Users\Proko\Desktop\TrabGA\TrabGA\TileMap.cpp(33,29): warning C4244: 'argumento': conversão de 'double' para 'int', possível perda de dados
C:\Users\Proko\Desktop\TrabGA\TrabGA\TileMap.cpp(33,26): warning C4244: 'argumento': conversão de 'double' para 'int', possível perda de dados
C:\Users\Proko\Desktop\TrabGA\TrabGA\TileMap.cpp(34,57): warning C4244: 'argumento': conversão de 'double' para 'int', possível perda de dados
C:\Users\Proko\Desktop\TrabGA\TrabGA\TileMap.cpp(34,54): warning C4244: 'argumento': conversão de 'double' para 'int', possível perda de dados
C:\Users\Proko\Desktop\TrabGA\TrabGA\TileMap.cpp(40,8): warning C4244: 'inicializando': conversão de 'T' para 'int', possível perda de dados
          with
          [
              T=float
          ]
C:\Users\Proko\Desktop\TrabGA\TrabGA\TileMap.cpp(41,8): warning C4244: 'inicializando': conversão de 'T' para 'int', possível perda de dados
          with
          [
              T=float
          ]
C:\Users\Proko\Desktop\TrabGA\TrabGA\TileMap.cpp(57,36): warning C4244: 'return': conversão de 'float' para 'int', possível perda de dados
C:\Users\Proko\Desktop\TrabGA\TrabGA\TileMap.cpp(61,11): warning C4244: 'return': conversão de 'float' para 'int', possível perda de dados
C:\Users\Proko\Desktop\TrabGA\TrabGA\TileMap.cpp(68,8): warning C4244: 'inicializando': conversão de 'T' para 'int', possível perda de dados
          with
          [
              T=float
          ]
C:\Users\Proko\Desktop\TrabGA\TrabGA\TileMap.cpp(69,8): warning C4244: 'inicializando': conversão de 'T' para 'int', possível perda de dados
          with
          [
              T=float
          ]
C:\Users\Proko\Desktop\TrabGA\TrabGA\TileMap.cpp(71,11): warning C4244: 'inicializando': conversão de 'int' para 'float', possível perda de dados
C:\Users\Proko\Desktop\TrabGA\TrabGA\TileMap.cpp(72,11): warning C4244: 'inicializando': conversão de 'int' para 'float', possível perda de dados
C:\Users\Proko\Desktop\TrabGA\TrabGA\TileMap.cpp(87,43): warning C4244: 'argumento': conversão de 'int' para 'float', possível perda de dados
C:\Users\Proko\Desktop\TrabGA\TrabGA\TileMap.cpp(87,32): warning C4244: 'argumento': conversão de 'int' para 'float', possível perda de dados
C:\Users\Proko\Desktop\TrabGA\TrabGA\TileMap.cpp(88,39): warning C4244: 'argumento': conversão de 'int' para 'float', possível perda de dados
C:\Users\Proko\Desktop\TrabGA\TrabGA\TileMap.cpp(88,28): warning C4244: 'argumento': conversão de 'int' para 'float', possível perda de dados
C:\Users\Proko\Desktop\TrabGA\TrabGA\TileMap.cpp(89,43): warning C4244: 'argumento': conversão de 'int' para 'float', possível perda de dados
C:\Users\Proko\Desktop\TrabGA\TrabGA\TileMap.cpp(89,32): warning C4244: 'argumento': conversão de 'int' para 'float', possível perda de dados
C:\Users\Proko\Desktop\TrabGA\TrabGA\TileMap.cpp(92,43): warning C4244: 'argumento': conversão de 'int' para 'float', possível perda de dados
C:\Users\Proko\Desktop\TrabGA\TrabGA\TileMap.cpp(92,32): warning C4244: 'argumento': conversão de 'int' para 'float', possível perda de dados
C:\Users\Proko\Desktop\TrabGA\TrabGA\TileMap.cpp(93,43): warning C4244: 'argumento': conversão de 'int' para 'float', possível perda de dados
C:\Users\Proko\Desktop\TrabGA\TrabGA\TileMap.cpp(93,32): warning C4244: 'argumento': conversão de 'int' para 'float', possível perda de dados
C:\Users\Proko\Desktop\TrabGA\TrabGA\TileMap.cpp(100,8): warning C4244: 'inicializando': conversão de 'T' para 'int', possível perda de dados
          with
          [
              T=float
          ]
C:\Users\Proko\Desktop\TrabGA\TrabGA\TileMap.cpp(101,8): warning C4244: 'inicializando': conversão de 'T' para 'int', possível perda de dados
          with
          [
              T=float
          ]
C:\Users\Proko\Desktop\TrabGA\TrabGA\TileMap.cpp(102,11): warning C4244: 'inicializando': conversão de 'int' para 'float', possível perda de dados
C:\Users\Proko\Desktop\TrabGA\TrabGA\TileMap.cpp(103,11): warning C4244: 'inicializando': conversão de 'int' para 'float', possível perda de dados
C:\Users\Proko\Desktop\TrabGA\TrabGA\TileMap.cpp(171,8): warning C4244: 'inicializando': conversão de 'float' para 'int', possível perda de dados
C:\Users\Proko\Desktop\TrabGA\TrabGA\TileMap.cpp(172,8): warning C4244: 'inicializando': conversão de 'float' para 'int', possível perda de dados
C:\Users\Proko\Desktop\TrabGA\TrabGA\TileMap.cpp(154): warning C4715: 'TileMap::tileWalking': nem todos os caminhos de controle retornam um valor
  TrabGA.vcxproj -> C:\Users\Proko\Desktop\TrabGA\Debug\TrabGB.exe
