C:\Program Files (x86)\Microsoft Visual Studio\2019\Community\MSBuild\Microsoft\VC\v160\Microsoft.CppBuild.targets(467,5): warning MSB8028: O diretório intermediário (Debug\) contém arquivos compartilhados de outro projeto (TrabGA.vcxproj). Isso pode levar a um comportamento incorreto de limpeza e recompilação.
  Keyboard.cpp
  Mouse.cpp
  Shader.cpp
  Tile.cpp
  TileMap.cpp
C:\Users\Proko\Desktop\TrabGA\TrabGA\TileMap.cpp(24,85): warning C4244: 'argumento': conversão de 'int' para 'float', possível perda de dados
C:\Users\Proko\Desktop\TrabGA\TrabGA\TileMap.cpp(24,82): warning C4244: 'argumento': conversão de 'int' para 'float', possível perda de dados
C:\Users\Proko\Desktop\TrabGA\TrabGA\TileMap.cpp(34,79): warning C4244: 'argumento': conversão de 'double' para 'int', possível perda de dados
C:\Users\Proko\Desktop\TrabGA\TrabGA\TileMap.cpp(34,76): warning C4244: 'argumento': conversão de 'double' para 'int', possível perda de dados
C:\Users\Proko\Desktop\TrabGA\TrabGA\TileMap.cpp(35,29): warning C4244: 'argumento': conversão de 'double' para 'int', possível perda de dados
C:\Users\Proko\Desktop\TrabGA\TrabGA\TileMap.cpp(35,26): warning C4244: 'argumento': conversão de 'double' para 'int', possível perda de dados
C:\Users\Proko\Desktop\TrabGA\TrabGA\TileMap.cpp(36,57): warning C4244: 'argumento': conversão de 'double' para 'int', possível perda de dados
C:\Users\Proko\Desktop\TrabGA\TrabGA\TileMap.cpp(36,54): warning C4244: 'argumento': conversão de 'double' para 'int', possível perda de dados
C:\Users\Proko\Desktop\TrabGA\TrabGA\TileMap.cpp(42,8): warning C4244: 'inicializando': conversão de 'T' para 'int', possível perda de dados
          with
          [
              T=float
          ]
C:\Users\Proko\Desktop\TrabGA\TrabGA\TileMap.cpp(43,8): warning C4244: 'inicializando': conversão de 'T' para 'int', possível perda de dados
          with
          [
              T=float
          ]
C:\Users\Proko\Desktop\TrabGA\TrabGA\TileMap.cpp(59,36): warning C4244: 'return': conversão de 'float' para 'int', possível perda de dados
C:\Users\Proko\Desktop\TrabGA\TrabGA\TileMap.cpp(63,11): warning C4244: 'return': conversão de 'float' para 'int', possível perda de dados
C:\Users\Proko\Desktop\TrabGA\TrabGA\TileMap.cpp(70,8): warning C4244: 'inicializando': conversão de 'T' para 'int', possível perda de dados
          with
          [
              T=float
          ]
C:\Users\Proko\Desktop\TrabGA\TrabGA\TileMap.cpp(71,8): warning C4244: 'inicializando': conversão de 'T' para 'int', possível perda de dados
          with
          [
              T=float
          ]
C:\Users\Proko\Desktop\TrabGA\TrabGA\TileMap.cpp(73,11): warning C4244: 'inicializando': conversão de 'int' para 'float', possível perda de dados
C:\Users\Proko\Desktop\TrabGA\TrabGA\TileMap.cpp(74,11): warning C4244: 'inicializando': conversão de 'int' para 'float', possível perda de dados
C:\Users\Proko\Desktop\TrabGA\TrabGA\TileMap.cpp(89,43): warning C4244: 'argumento': conversão de 'int' para 'float', possível perda de dados
C:\Users\Proko\Desktop\TrabGA\TrabGA\TileMap.cpp(89,32): warning C4244: 'argumento': conversão de 'int' para 'float', possível perda de dados
C:\Users\Proko\Desktop\TrabGA\TrabGA\TileMap.cpp(90,39): warning C4244: 'argumento': conversão de 'int' para 'float', possível perda de dados
C:\Users\Proko\Desktop\TrabGA\TrabGA\TileMap.cpp(90,28): warning C4244: 'argumento': conversão de 'int' para 'float', possível perda de dados
C:\Users\Proko\Desktop\TrabGA\TrabGA\TileMap.cpp(91,43): warning C4244: 'argumento': conversão de 'int' para 'float', possível perda de dados
C:\Users\Proko\Desktop\TrabGA\TrabGA\TileMap.cpp(91,32): warning C4244: 'argumento': conversão de 'int' para 'float', possível perda de dados
C:\Users\Proko\Desktop\TrabGA\TrabGA\TileMap.cpp(94,43): warning C4244: 'argumento': conversão de 'int' para 'float', possível perda de dados
C:\Users\Proko\Desktop\TrabGA\TrabGA\TileMap.cpp(94,32): warning C4244: 'argumento': conversão de 'int' para 'float', possível perda de dados
C:\Users\Proko\Desktop\TrabGA\TrabGA\TileMap.cpp(95,43): warning C4244: 'argumento': conversão de 'int' para 'float', possível perda de dados
C:\Users\Proko\Desktop\TrabGA\TrabGA\TileMap.cpp(95,32): warning C4244: 'argumento': conversão de 'int' para 'float', possível perda de dados
C:\Users\Proko\Desktop\TrabGA\TrabGA\TileMap.cpp(102,8): warning C4244: 'inicializando': conversão de 'T' para 'int', possível perda de dados
          with
          [
              T=float
          ]
C:\Users\Proko\Desktop\TrabGA\TrabGA\TileMap.cpp(103,8): warning C4244: 'inicializando': conversão de 'T' para 'int', possível perda de dados
          with
          [
              T=float
          ]
C:\Users\Proko\Desktop\TrabGA\TrabGA\TileMap.cpp(104,11): warning C4244: 'inicializando': conversão de 'int' para 'float', possível perda de dados
C:\Users\Proko\Desktop\TrabGA\TrabGA\TileMap.cpp(105,11): warning C4244: 'inicializando': conversão de 'int' para 'float', possível perda de dados
C:\Users\Proko\Desktop\TrabGA\TrabGA\TileMap.cpp(173,8): warning C4244: 'inicializando': conversão de 'float' para 'int', possível perda de dados
C:\Users\Proko\Desktop\TrabGA\TrabGA\TileMap.cpp(174,8): warning C4244: 'inicializando': conversão de 'float' para 'int', possível perda de dados
  Window.cpp
  Gerando Código...
C:\Users\Proko\Desktop\TrabGA\TrabGA\TileMap.cpp(156): warning C4715: 'TileMap::tileWalking': nem todos os caminhos de controle retornam um valor
LINK : warning LNK4098: defaultlib 'MSVCRT' conflita com uso de outras bibliotecas; use /NODEFAULTLIB:library
LINK : warning LNK4098: defaultlib 'LIBCMT' conflita com uso de outras bibliotecas; use /NODEFAULTLIB:library
glew32s.lib(glew.obj) : warning LNK4099: PDB 'vc120.pdb' não foi encontrado 'glew32s.lib(glew.obj)' ou no 'C:\Users\Proko\Desktop\TrabGA\Debug\vc120.pdb'; vinculando objeto quando quando sem nenhuma informação de depuração
  TrabGA.vcxproj -> C:\Users\Proko\Desktop\TrabGA\Debug\TrabGB.exe
